[2024-10-15 21:58:51] ingesting from: showRSS personal feed
[2024-10-15 21:58:51] ingested: Bad Monkey S01E08 1080p WEB H264 SuccessfulCrab with hash 002a94a1962f0273aea75bed9bf3f71cf1b80cb2
[2024-10-15 21:58:51] ingested: Bad Monkey S01E06 1080p WEB H264 SuccessfulCrab with hash 0c33e4800d3a4cc4c034fa012f7ac39eb1ebfe7c
[2024-10-15 21:58:51] ingested: The Penguin S01E04 1080p WEB H264 SuccessfulCrab with hash 11afae21b0cdfbff29adf5b3ed5c6465e8f88796
[2024-10-15 21:58:51] ingested: Bad Monkey S01E04 1080p WEB H264 SuccessfulCrab with hash 2f23aee13f44d12a17b544abf4c593e932e7ec93
[2024-10-15 21:58:51] ingested: Last Week Tonight with John Oliver S11E22 1080p WEB H264 Success with hash 380d59aca7b172f1aa28d1cfdd91c20c6b7aab8c
[2024-10-15 21:58:51] ingested: Sesame Street S54E13 A Home for Fido 1080p AMZN WEB DL DDP5 1 H 264 LAZY with hash 3afbfd232ea26c2990ccadbe11cccd006a4e9aeb
[2024-10-15 21:58:51] ingested: Last Week Tonight with John Oliver S11E21 1080p WEB H264 Success with hash 3e325d647c52665bdedc39be101d0113e8e578be
[2024-10-15 21:58:51] ingested: The Penguin S01E03 1080p WEB H264 SuccessfulCrab with hash 47f4603147a23bfaeb80dbd85692878dc788eceb
[2024-10-15 21:58:51] ingested: Last Week Tonight with John Oliver S11E23 1080p WEB H264 Success with hash 49803e4b13b0ca7f929927b7d96b6dd74991e77c
[2024-10-15 21:58:51] ingested: The Penguin S01E02 1080p WEB H264 SuccessfulCrab with hash 4a0b31294ddccc3bb92584c8c952c27d5cd903b8
[2024-10-15 21:58:51] ingested: Saturday Night Live S50E03 Ariana Grande 1080p WEB h264 EDITH TG with hash 5c2b19fa4b2ae8fbd43a746be3c91b41d6c1b642
[2024-10-15 21:58:51] ingested: Sesame Street S54E23 The Sign Language ABCs 1080p AMZN WEB DL DDP5 1 H 264 LAZY with hash 627d4582631c3e55713b342e1004a8897910df21
[2024-10-15 21:58:51] ingested: Last Week Tonight with John Oliver S11E20 1080p WEB H264 Success with hash 6c478486c5972e2524bdfc18c4fd672e33724793
[2024-10-15 21:58:51] ingested: Bad Monkey S01E09 1080p WEB H264 SuccessfulCrab with hash 6d99ad01f350a2f568cf565847ecfb8129463cd2
[2024-10-15 21:58:51] ingested: Sesame Street S54E17 The Kitty Sitters 1080p AMZN WEB DL DDP5 1 H 264 LAZY with hash 72cd692f90265cc215e2c1188040f77a09a2ea3a
[2024-10-15 21:58:51] ingested: Last Week Tonight with John Oliver S11E25 1080p WEB H264 Success with hash 77a2b23ae434cf26e47cc314f41984d26beb9b9b
[2024-10-15 21:58:51] ingested: Bad Monkey S01E10 1080p WEB H264 SuccessfulCrab with hash a805a8aba443fba73e4d6d365d9f50d4ef131c87
[2024-10-15 21:58:51] ingested: Bad Monkey S01E03 1080p WEB H264 SuccessfulCrab with hash bbe1a3f9b60c3c9c8a03f2e1fe8e1db4de309999
[2024-10-15 21:58:51] ingested: House of the Dragon S02E08 1080p WEB h264 ETHEL with hash c1091701ae90b79a7b22da8ad805e7385c58f2a6
[2024-10-15 21:58:51] ingested: Bad Monkey S01E07 1080p WEB H264 SuccessfulCrab with hash c43a88269f21a252814653f920b66e284ec85efb
[2024-10-15 21:58:51] ingested: Sesame Street S54E33 Use That Rice 1080p AMZN WEB DL DDP5 1 H 264 LAZY with hash f22649c98c548c0c59a0a758733897e608e0fc05
[2024-10-15 21:59:22] ingesting from: showRSS personal feed
[2024-10-15 22:01:02] ingesting from: showRSS personal feed
[2024-10-15 22:02:03] ingesting from: showRSS personal feed
[2024-10-15 22:02:36] ingesting from: showRSS personal feed
[2024-10-15 22:03:06] ingesting from: showRSS personal feed
[2024-10-15 22:03:51] ingesting from: showRSS personal feed
[2024-10-15 22:03:52] queued: Bad Monkey S01E08 1080p WEB H264 SuccessfulCrab with hash 002a94a1962f0273aea75bed9bf3f71cf1b80cb2
[2024-10-15 22:03:52] queued: Bad Monkey S01E06 1080p WEB H264 SuccessfulCrab with hash 0c33e4800d3a4cc4c034fa012f7ac39eb1ebfe7c
[2024-10-15 22:03:52] queued: The Penguin S01E04 1080p WEB H264 SuccessfulCrab with hash 11afae21b0cdfbff29adf5b3ed5c6465e8f88796
[2024-10-15 22:03:52] queued: Bad Monkey S01E04 1080p WEB H264 SuccessfulCrab with hash 2f23aee13f44d12a17b544abf4c593e932e7ec93
[2024-10-15 22:03:52] queued: Last Week Tonight with John Oliver S11E22 1080p WEB H264 Success with hash 380d59aca7b172f1aa28d1cfdd91c20c6b7aab8c
[2024-10-15 22:03:52] queued: Sesame Street S54E13 A Home for Fido 1080p AMZN WEB DL DDP5 1 H 264 LAZY with hash 3afbfd232ea26c2990ccadbe11cccd006a4e9aeb
[2024-10-15 22:03:52] queued: Last Week Tonight with John Oliver S11E21 1080p WEB H264 Success with hash 3e325d647c52665bdedc39be101d0113e8e578be
[2024-10-15 22:03:52] queued: The Penguin S01E03 1080p WEB H264 SuccessfulCrab with hash 47f4603147a23bfaeb80dbd85692878dc788eceb
[2024-10-15 22:03:52] queued: Last Week Tonight with John Oliver S11E23 1080p WEB H264 Success with hash 49803e4b13b0ca7f929927b7d96b6dd74991e77c
[2024-10-15 22:03:52] queued: The Penguin S01E02 1080p WEB H264 SuccessfulCrab with hash 4a0b31294ddccc3bb92584c8c952c27d5cd903b8
[2024-10-15 22:03:52] queued: Saturday Night Live S50E03 Ariana Grande 1080p WEB h264 EDITH TG with hash 5c2b19fa4b2ae8fbd43a746be3c91b41d6c1b642
[2024-10-15 22:03:52] queued: Sesame Street S54E23 The Sign Language ABCs 1080p AMZN WEB DL DDP5 1 H 264 LAZY with hash 627d4582631c3e55713b342e1004a8897910df21
[2024-10-15 22:03:52] queued: Last Week Tonight with John Oliver S11E20 1080p WEB H264 Success with hash 6c478486c5972e2524bdfc18c4fd672e33724793
[2024-10-15 22:03:52] queued: Bad Monkey S01E09 1080p WEB H264 SuccessfulCrab with hash 6d99ad01f350a2f568cf565847ecfb8129463cd2
[2024-10-15 22:03:52] queued: Sesame Street S54E17 The Kitty Sitters 1080p AMZN WEB DL DDP5 1 H 264 LAZY with hash 72cd692f90265cc215e2c1188040f77a09a2ea3a
[2024-10-15 22:03:52] queued: Last Week Tonight with John Oliver S11E25 1080p WEB H264 Success with hash 77a2b23ae434cf26e47cc314f41984d26beb9b9b
[2024-10-15 22:03:52] queued: Bad Monkey S01E10 1080p WEB H264 SuccessfulCrab with hash a805a8aba443fba73e4d6d365d9f50d4ef131c87
[2024-10-15 22:03:52] queued: Bad Monkey S01E03 1080p WEB H264 SuccessfulCrab with hash bbe1a3f9b60c3c9c8a03f2e1fe8e1db4de309999
[2024-10-15 22:03:52] queued: House of the Dragon S02E08 1080p WEB h264 ETHEL with hash c1091701ae90b79a7b22da8ad805e7385c58f2a6
[2024-10-15 22:03:52] queued: Bad Monkey S01E07 1080p WEB H264 SuccessfulCrab with hash c43a88269f21a252814653f920b66e284ec85efb
[2024-10-15 22:03:52] queued: Sesame Street S54E33 Use That Rice 1080p AMZN WEB DL DDP5 1 H 264 LAZY with hash f22649c98c548c0c59a0a758733897e608e0fc05
[2024-10-15 22:05:33] ingesting from: showRSS personal feed
[2024-10-15 22:05:58] ingesting from: showRSS personal feed
[2024-10-15 22:05:58] downloading: Bad Monkey S01E08 1080p WEB H264 SuccessfulCrab with link magnet:?xt=urn:btih:002A94A1962F0273AEA75BED9BF3F71CF1B80CB2&dn=Bad+Monkey+S01E08+1080p+WEB+H264+SuccessfulCrab&tr=udp%3A%2F%2Ftracker.coppersurfer.tk%3A6969%2Fannounce&tr=udp%3A%2F%2Ftracker.opentrackr.org%3A1337%2Fannounce&tr=udp%3A%2F%2Fexplodie.org%3A6969&tr=udp%3A%2F%2F9.rarbg.me%3A2960&tr=udp%3A%2F%2F9.rarbg.to%3A2980
[2024-10-15 22:05:58] downloading: Bad Monkey S01E06 1080p WEB H264 SuccessfulCrab with link magnet:?xt=urn:btih:0C33E4800D3A4CC4C034FA012F7AC39EB1EBFE7C&dn=Bad+Monkey+S01E06+1080p+WEB+H264+SuccessfulCrab&tr=udp%3A%2F%2Ftracker.coppersurfer.tk%3A6969%2Fannounce&tr=udp%3A%2F%2Ftracker.opentrackr.org%3A1337%2Fannounce&tr=udp%3A%2F%2Fexplodie.org%3A6969&tr=udp%3A%2F%2F9.rarbg.me%3A2960&tr=udp%3A%2F%2F9.rarbg.to%3A2980
[2024-10-15 22:05:58] downloading: The Penguin S01E04 1080p WEB H264 SuccessfulCrab with link magnet:?xt=urn:btih:11AFAE21B0CDFBFF29ADF5B3ED5C6465E8F88796&dn=The+Penguin+S01E04+1080p+WEB+H264+SuccessfulCrab&tr=udp%3A%2F%2Ftracker.coppersurfer.tk%3A6969%2Fannounce&tr=udp%3A%2F%2Ftracker.opentrackr.org%3A1337%2Fannounce&tr=udp%3A%2F%2Fexplodie.org%3A6969&tr=udp%3A%2F%2F9.rarbg.me%3A2960&tr=udp%3A%2F%2F9.rarbg.to%3A2980
[2024-10-15 22:05:58] downloading: Bad Monkey S01E04 1080p WEB H264 SuccessfulCrab with link magnet:?xt=urn:btih:2F23AEE13F44D12A17B544ABF4C593E932E7EC93&dn=Bad+Monkey+S01E04+1080p+WEB+H264+SuccessfulCrab&tr=udp%3A%2F%2Ftracker.coppersurfer.tk%3A6969%2Fannounce&tr=udp%3A%2F%2Ftracker.opentrackr.org%3A1337%2Fannounce&tr=udp%3A%2F%2Fexplodie.org%3A6969&tr=udp%3A%2F%2F9.rarbg.me%3A2960&tr=udp%3A%2F%2F9.rarbg.to%3A2980
[2024-10-15 22:05:58] downloading: Last Week Tonight with John Oliver S11E22 1080p WEB H264 Success with link magnet:?xt=urn:btih:380D59ACA7B172F1AA28D1CFDD91C20C6B7AAB8C&dn=Last+Week+Tonight+with+John+Oliver+S11E22+1080p+WEB+H264+Success&tr=udp%3A%2F%2Ftracker.coppersurfer.tk%3A6969%2Fannounce&tr=udp%3A%2F%2Ftracker.opentrackr.org%3A1337%2Fannounce&tr=udp%3A%2F%2Fexplodie.org%3A6969&tr=udp%3A%2F%2F9.rarbg.me%3A2960&tr=udp%3A%2F%2F9.rarbg.to%3A2980
[2024-10-15 22:05:58] downloading: Sesame Street S54E13 A Home for Fido 1080p AMZN WEB DL DDP5 1 H 264 LAZY with link magnet:?xt=urn:btih:3AFBFD232EA26C2990CCADBE11CCCD006A4E9AEB&dn=Sesame+Street+S54E13+A+Home+for+Fido+1080p+AMZN+WEB+DL+DDP5+1+H+264+LAZY&tr=udp%3A%2F%2Ftracker.coppersurfer.tk%3A6969%2Fannounce&tr=udp%3A%2F%2Ftracker.opentrackr.org%3A1337%2Fannounce&tr=udp%3A%2F%2Fexplodie.org%3A6969&tr=udp%3A%2F%2F9.rarbg.me%3A2960&tr=udp%3A%2F%2F9.rarbg.to%3A2980
[2024-10-15 22:05:58] downloading: Last Week Tonight with John Oliver S11E21 1080p WEB H264 Success with link magnet:?xt=urn:btih:3E325D647C52665BDEDC39BE101D0113E8E578BE&dn=Last+Week+Tonight+with+John+Oliver+S11E21+1080p+WEB+H264+Success&tr=udp%3A%2F%2Ftracker.coppersurfer.tk%3A6969%2Fannounce&tr=udp%3A%2F%2Ftracker.opentrackr.org%3A1337%2Fannounce&tr=udp%3A%2F%2Fexplodie.org%3A6969&tr=udp%3A%2F%2F9.rarbg.me%3A2960&tr=udp%3A%2F%2F9.rarbg.to%3A2980
[2024-10-15 22:05:58] downloading: The Penguin S01E03 1080p WEB H264 SuccessfulCrab with link magnet:?xt=urn:btih:47F4603147A23BFAEB80DBD85692878DC788ECEB&dn=The+Penguin+S01E03+1080p+WEB+H264+SuccessfulCrab&tr=udp%3A%2F%2Ftracker.coppersurfer.tk%3A6969%2Fannounce&tr=udp%3A%2F%2Ftracker.opentrackr.org%3A1337%2Fannounce&tr=udp%3A%2F%2Fexplodie.org%3A6969&tr=udp%3A%2F%2F9.rarbg.me%3A2960&tr=udp%3A%2F%2F9.rarbg.to%3A2980
[2024-10-15 22:05:58] downloading: Last Week Tonight with John Oliver S11E23 1080p WEB H264 Success with link magnet:?xt=urn:btih:49803E4B13B0CA7F929927B7D96B6DD74991E77C&dn=Last+Week+Tonight+with+John+Oliver+S11E23+1080p+WEB+H264+Success&tr=udp%3A%2F%2Ftracker.coppersurfer.tk%3A6969%2Fannounce&tr=udp%3A%2F%2Ftracker.opentrackr.org%3A1337%2Fannounce&tr=udp%3A%2F%2Fexplodie.org%3A6969&tr=udp%3A%2F%2F9.rarbg.me%3A2960&tr=udp%3A%2F%2F9.rarbg.to%3A2980
[2024-10-15 22:05:58] downloading: The Penguin S01E02 1080p WEB H264 SuccessfulCrab with link magnet:?xt=urn:btih:4A0B31294DDCCC3BB92584C8C952C27D5CD903B8&dn=The+Penguin+S01E02+1080p+WEB+H264+SuccessfulCrab&tr=udp%3A%2F%2Ftracker.coppersurfer.tk%3A6969%2Fannounce&tr=udp%3A%2F%2Ftracker.opentrackr.org%3A1337%2Fannounce&tr=udp%3A%2F%2Fexplodie.org%3A6969&tr=udp%3A%2F%2F9.rarbg.me%3A2960&tr=udp%3A%2F%2F9.rarbg.to%3A2980
[2024-10-15 22:05:58] downloading: Saturday Night Live S50E03 Ariana Grande 1080p WEB h264 EDITH TG with link magnet:?xt=urn:btih:5C2B19FA4B2AE8FBD43A746BE3C91B41D6C1B642&dn=Saturday+Night+Live+S50E03+Ariana+Grande+1080p+WEB+h264+EDITH+TG&tr=udp%3A%2F%2Ftracker.coppersurfer.tk%3A6969%2Fannounce&tr=udp%3A%2F%2Ftracker.opentrackr.org%3A1337%2Fannounce&tr=udp%3A%2F%2Fexplodie.org%3A6969&tr=udp%3A%2F%2F9.rarbg.me%3A2960&tr=udp%3A%2F%2F9.rarbg.to%3A2980
[2024-10-15 22:05:58] downloading: Sesame Street S54E23 The Sign Language ABCs 1080p AMZN WEB DL DDP5 1 H 264 LAZY with link magnet:?xt=urn:btih:627D4582631C3E55713B342E1004A8897910DF21&dn=Sesame+Street+S54E23+The+Sign+Language+ABCs+1080p+AMZN+WEB+DL+DDP5+1+H+264+LAZY&tr=udp%3A%2F%2Ftracker.coppersurfer.tk%3A6969%2Fannounce&tr=udp%3A%2F%2Ftracker.opentrackr.org%3A1337%2Fannounce&tr=udp%3A%2F%2Fexplodie.org%3A6969&tr=udp%3A%2F%2F9.rarbg.me%3A2960&tr=udp%3A%2F%2F9.rarbg.to%3A2980
[2024-10-15 22:05:58] downloading: Last Week Tonight with John Oliver S11E20 1080p WEB H264 Success with link magnet:?xt=urn:btih:6C478486C5972E2524BDFC18C4FD672E33724793&dn=Last+Week+Tonight+with+John+Oliver+S11E20+1080p+WEB+H264+Success&tr=udp%3A%2F%2Ftracker.coppersurfer.tk%3A6969%2Fannounce&tr=udp%3A%2F%2Ftracker.opentrackr.org%3A1337%2Fannounce&tr=udp%3A%2F%2Fexplodie.org%3A6969&tr=udp%3A%2F%2F9.rarbg.me%3A2960&tr=udp%3A%2F%2F9.rarbg.to%3A2980
[2024-10-15 22:05:58] downloading: Bad Monkey S01E09 1080p WEB H264 SuccessfulCrab with link magnet:?xt=urn:btih:6D99AD01F350A2F568CF565847ECFB8129463CD2&dn=Bad+Monkey+S01E09+1080p+WEB+H264+SuccessfulCrab&tr=udp%3A%2F%2Ftracker.coppersurfer.tk%3A6969%2Fannounce&tr=udp%3A%2F%2Ftracker.opentrackr.org%3A1337%2Fannounce&tr=udp%3A%2F%2Fexplodie.org%3A6969&tr=udp%3A%2F%2F9.rarbg.me%3A2960&tr=udp%3A%2F%2F9.rarbg.to%3A2980
[2024-10-15 22:05:58] downloading: Sesame Street S54E17 The Kitty Sitters 1080p AMZN WEB DL DDP5 1 H 264 LAZY with link magnet:?xt=urn:btih:72CD692F90265CC215E2C1188040F77A09A2EA3A&dn=Sesame+Street+S54E17+The+Kitty+Sitters+1080p+AMZN+WEB+DL+DDP5+1+H+264+LAZY&tr=udp%3A%2F%2Ftracker.coppersurfer.tk%3A6969%2Fannounce&tr=udp%3A%2F%2Ftracker.opentrackr.org%3A1337%2Fannounce&tr=udp%3A%2F%2Fexplodie.org%3A6969&tr=udp%3A%2F%2F9.rarbg.me%3A2960&tr=udp%3A%2F%2F9.rarbg.to%3A2980
[2024-10-15 22:05:58] downloading: Last Week Tonight with John Oliver S11E25 1080p WEB H264 Success with link magnet:?xt=urn:btih:77A2B23AE434CF26E47CC314F41984D26BEB9B9B&dn=Last+Week+Tonight+with+John+Oliver+S11E25+1080p+WEB+H264+Success&tr=udp%3A%2F%2Ftracker.coppersurfer.tk%3A6969%2Fannounce&tr=udp%3A%2F%2Ftracker.opentrackr.org%3A1337%2Fannounce&tr=udp%3A%2F%2Fexplodie.org%3A6969&tr=udp%3A%2F%2F9.rarbg.me%3A2960&tr=udp%3A%2F%2F9.rarbg.to%3A2980
[2024-10-15 22:05:58] downloading: Bad Monkey S01E10 1080p WEB H264 SuccessfulCrab with link magnet:?xt=urn:btih:A805A8ABA443FBA73E4D6D365D9F50D4EF131C87&dn=Bad+Monkey+S01E10+1080p+WEB+H264+SuccessfulCrab&tr=udp%3A%2F%2Ftracker.coppersurfer.tk%3A6969%2Fannounce&tr=udp%3A%2F%2Ftracker.opentrackr.org%3A1337%2Fannounce&tr=udp%3A%2F%2Fexplodie.org%3A6969&tr=udp%3A%2F%2F9.rarbg.me%3A2960&tr=udp%3A%2F%2F9.rarbg.to%3A2980
[2024-10-15 22:05:58] downloading: Bad Monkey S01E03 1080p WEB H264 SuccessfulCrab with link magnet:?xt=urn:btih:BBE1A3F9B60C3C9C8A03F2E1FE8E1DB4DE309999&dn=Bad+Monkey+S01E03+1080p+WEB+H264+SuccessfulCrab&tr=udp%3A%2F%2Ftracker.coppersurfer.tk%3A6969%2Fannounce&tr=udp%3A%2F%2Ftracker.opentrackr.org%3A1337%2Fannounce&tr=udp%3A%2F%2Fexplodie.org%3A6969&tr=udp%3A%2F%2F9.rarbg.me%3A2960&tr=udp%3A%2F%2F9.rarbg.to%3A2980
[2024-10-15 22:05:58] downloading: House of the Dragon S02E08 1080p WEB h264 ETHEL with link magnet:?xt=urn:btih:C1091701AE90B79A7B22DA8AD805E7385C58F2A6&dn=House+of+the+Dragon+S02E08+1080p+WEB+h264+ETHEL&tr=udp%3A%2F%2Ftracker.coppersurfer.tk%3A6969%2Fannounce&tr=udp%3A%2F%2Ftracker.opentrackr.org%3A1337%2Fannounce&tr=udp%3A%2F%2Fexplodie.org%3A6969&tr=udp%3A%2F%2F9.rarbg.me%3A2960&tr=udp%3A%2F%2F9.rarbg.to%3A2980
[2024-10-15 22:05:58] downloading: Bad Monkey S01E07 1080p WEB H264 SuccessfulCrab with link magnet:?xt=urn:btih:C43A88269F21A252814653F920B66E284EC85EFB&dn=Bad+Monkey+S01E07+1080p+WEB+H264+SuccessfulCrab&tr=udp%3A%2F%2Ftracker.coppersurfer.tk%3A6969%2Fannounce&tr=udp%3A%2F%2Ftracker.opentrackr.org%3A1337%2Fannounce&tr=udp%3A%2F%2Fexplodie.org%3A6969&tr=udp%3A%2F%2F9.rarbg.me%3A2960&tr=udp%3A%2F%2F9.rarbg.to%3A2980
[2024-10-15 22:05:58] downloading: Sesame Street S54E33 Use That Rice 1080p AMZN WEB DL DDP5 1 H 264 LAZY with link magnet:?xt=urn:btih:F22649C98C548C0C59A0A758733897E608E0FC05&dn=Sesame+Street+S54E33+Use+That+Rice+1080p+AMZN+WEB+DL+DDP5+1+H+264+LAZY&tr=udp%3A%2F%2Ftracker.coppersurfer.tk%3A6969%2Fannounce&tr=udp%3A%2F%2Ftracker.opentrackr.org%3A1337%2Fannounce&tr=udp%3A%2F%2Fexplodie.org%3A6969&tr=udp%3A%2F%2F9.rarbg.me%3A2960&tr=udp%3A%2F%2F9.rarbg.to%3A2980
[2024-10-15 22:06:49] ingesting from: showRSS personal feed
[2024-10-15 22:12:33] ingesting from: showRSS personal feed
[2024-10-15 22:12:33] download successful: Bad Monkey S01E08 1080p WEB H264 SuccessfulCrab with hash 002a94a1962f0273aea75bed9bf3f71cf1b80cb2
[2024-10-15 22:12:45] transfer complete: Bad Monkey S01E08 1080p WEB H264 SuccessfulCrab with hash 002a94a1962f0273aea75bed9bf3f71cf1b80cb2
[2024-10-15 22:15:59] ingesting from: showRSS personal feed
[2024-10-15 22:15:59] download successful: Bad Monkey S01E06 1080p WEB H264 SuccessfulCrab with hash 0c33e4800d3a4cc4c034fa012f7ac39eb1ebfe7c
[2024-10-15 22:15:59] download successful: The Penguin S01E04 1080p WEB H264 SuccessfulCrab with hash 11afae21b0cdfbff29adf5b3ed5c6465e8f88796
[2024-10-15 22:16:18] transfer complete: Bad Monkey S01E06 1080p WEB H264 SuccessfulCrab with hash 0c33e4800d3a4cc4c034fa012f7ac39eb1ebfe7c
[2024-10-15 22:17:11] transfer complete: The Penguin S01E04 1080p WEB H264 SuccessfulCrab with hash 11afae21b0cdfbff29adf5b3ed5c6465e8f88796
[2024-10-15 22:20:14] ingesting from: showRSS personal feed
[2024-10-15 22:20:14] download successful: Last Week Tonight with John Oliver S11E21 1080p WEB H264 Success with hash 3e325d647c52665bdedc39be101d0113e8e578be
[2024-10-15 22:20:14] download successful: The Penguin S01E03 1080p WEB H264 SuccessfulCrab with hash 47f4603147a23bfaeb80dbd85692878dc788eceb
[2024-10-15 22:20:24] transfer complete: Last Week Tonight with John Oliver S11E21 1080p WEB H264 Success with hash 3e325d647c52665bdedc39be101d0113e8e578be
[2024-10-15 22:20:59] transfer complete: The Penguin S01E03 1080p WEB H264 SuccessfulCrab with hash 47f4603147a23bfaeb80dbd85692878dc788eceb
[2024-10-15 22:22:22] ingesting from: showRSS personal feed
[2024-10-15 22:22:22] download successful: Bad Monkey S01E04 1080p WEB H264 SuccessfulCrab with hash 2f23aee13f44d12a17b544abf4c593e932e7ec93
[2024-10-15 22:23:20] transfer complete: Bad Monkey S01E04 1080p WEB H264 SuccessfulCrab with hash 2f23aee13f44d12a17b544abf4c593e932e7ec93
[2024-10-16 00:14:55] ingesting from: showRSS personal feed
[2024-10-16 00:14:55] download successful: Last Week Tonight with John Oliver S11E22 1080p WEB H264 Success with hash 380d59aca7b172f1aa28d1cfdd91c20c6b7aab8c
[2024-10-16 00:14:55] download successful: Sesame Street S54E13 A Home for Fido 1080p AMZN WEB DL DDP5 1 H 264 LAZY with hash 3afbfd232ea26c2990ccadbe11cccd006a4e9aeb
[2024-10-16 00:14:55] download successful: Last Week Tonight with John Oliver S11E23 1080p WEB H264 Success with hash 49803e4b13b0ca7f929927b7d96b6dd74991e77c
[2024-10-16 00:14:55] download successful: The Penguin S01E02 1080p WEB H264 SuccessfulCrab with hash 4a0b31294ddccc3bb92584c8c952c27d5cd903b8
[2024-10-16 00:14:55] download successful: Saturday Night Live S50E03 Ariana Grande 1080p WEB h264 EDITH TG with hash 5c2b19fa4b2ae8fbd43a746be3c91b41d6c1b642
[2024-10-16 00:14:55] download successful: Sesame Street S54E23 The Sign Language ABCs 1080p AMZN WEB DL DDP5 1 H 264 LAZY with hash 627d4582631c3e55713b342e1004a8897910df21
[2024-10-16 00:14:55] download successful: Last Week Tonight with John Oliver S11E20 1080p WEB H264 Success with hash 6c478486c5972e2524bdfc18c4fd672e33724793
[2024-10-16 00:14:55] download successful: Bad Monkey S01E09 1080p WEB H264 SuccessfulCrab with hash 6d99ad01f350a2f568cf565847ecfb8129463cd2
[2024-10-16 00:14:55] download successful: Sesame Street S54E17 The Kitty Sitters 1080p AMZN WEB DL DDP5 1 H 264 LAZY with hash 72cd692f90265cc215e2c1188040f77a09a2ea3a
[2024-10-16 00:14:55] download successful: Last Week Tonight with John Oliver S11E25 1080p WEB H264 Success with hash 77a2b23ae434cf26e47cc314f41984d26beb9b9b
[2024-10-16 00:14:55] download successful: Bad Monkey S01E10 1080p WEB H264 SuccessfulCrab with hash a805a8aba443fba73e4d6d365d9f50d4ef131c87
[2024-10-16 00:14:56] download successful: Bad Monkey S01E03 1080p WEB H264 SuccessfulCrab with hash bbe1a3f9b60c3c9c8a03f2e1fe8e1db4de309999
[2024-10-16 00:14:56] download successful: House of the Dragon S02E08 1080p WEB h264 ETHEL with hash c1091701ae90b79a7b22da8ad805e7385c58f2a6
[2024-10-16 00:14:56] download successful: Bad Monkey S01E07 1080p WEB H264 SuccessfulCrab with hash c43a88269f21a252814653f920b66e284ec85efb
[2024-10-16 00:14:56] download successful: Sesame Street S54E33 Use That Rice 1080p AMZN WEB DL DDP5 1 H 264 LAZY with hash f22649c98c548c0c59a0a758733897e608e0fc05
[2024-10-16 00:15:30] transfer complete: Last Week Tonight with John Oliver S11E22 1080p WEB H264 Success with hash 380d59aca7b172f1aa28d1cfdd91c20c6b7aab8c
[2024-10-16 00:15:56] transfer complete: Sesame Street S54E13 A Home for Fido 1080p AMZN WEB DL DDP5 1 H 264 LAZY with hash 3afbfd232ea26c2990ccadbe11cccd006a4e9aeb
[2024-10-16 00:16:26] transfer complete: Last Week Tonight with John Oliver S11E23 1080p WEB H264 Success with hash 49803e4b13b0ca7f929927b7d96b6dd74991e77c
[2024-10-16 00:16:58] transfer complete: The Penguin S01E02 1080p WEB H264 SuccessfulCrab with hash 4a0b31294ddccc3bb92584c8c952c27d5cd903b8
[2024-10-16 00:17:31] transfer complete: Saturday Night Live S50E03 Ariana Grande 1080p WEB h264 EDITH TG with hash 5c2b19fa4b2ae8fbd43a746be3c91b41d6c1b642
[2024-10-16 00:17:50] transfer complete: Sesame Street S54E23 The Sign Language ABCs 1080p AMZN WEB DL DDP5 1 H 264 LAZY with hash 627d4582631c3e55713b342e1004a8897910df21
[2024-10-16 00:18:16] transfer complete: Last Week Tonight with John Oliver S11E20 1080p WEB H264 Success with hash 6c478486c5972e2524bdfc18c4fd672e33724793
[2024-10-16 00:18:51] transfer complete: Bad Monkey S01E09 1080p WEB H264 SuccessfulCrab with hash 6d99ad01f350a2f568cf565847ecfb8129463cd2
[2024-10-16 00:19:08] transfer complete: Sesame Street S54E17 The Kitty Sitters 1080p AMZN WEB DL DDP5 1 H 264 LAZY with hash 72cd692f90265cc215e2c1188040f77a09a2ea3a
[2024-10-16 00:19:47] transfer complete: Last Week Tonight with John Oliver S11E25 1080p WEB H264 Success with hash 77a2b23ae434cf26e47cc314f41984d26beb9b9b
[2024-10-16 00:20:30] transfer complete: Bad Monkey S01E10 1080p WEB H264 SuccessfulCrab with hash a805a8aba443fba73e4d6d365d9f50d4ef131c87
[2024-10-16 00:21:11] transfer complete: Bad Monkey S01E03 1080p WEB H264 SuccessfulCrab with hash bbe1a3f9b60c3c9c8a03f2e1fe8e1db4de309999
[2024-10-16 00:22:01] transfer complete: House of the Dragon S02E08 1080p WEB h264 ETHEL with hash c1091701ae90b79a7b22da8ad805e7385c58f2a6
[2024-10-16 00:22:41] transfer complete: Bad Monkey S01E07 1080p WEB H264 SuccessfulCrab with hash c43a88269f21a252814653f920b66e284ec85efb
[2024-10-16 00:22:59] transfer complete: Sesame Street S54E33 Use That Rice 1080p AMZN WEB DL DDP5 1 H 264 LAZY with hash f22649c98c548c0c59a0a758733897e608e0fc05
[2024-10-16 07:45:03] ingesting from: showRSS personal feed
[2024-10-16 07:45:03] ingested: Shrinking S02E02 1080p WEB H264 SuccessfulCrab with hash 50fd4fc782800373855c93343f654afab6f29323
[2024-10-16 07:45:03] ingested: Shrinking S02E01 1080p WEB H264 SuccessfulCrab with hash b61915291456d36a00e03fd8eae1471438b7f7b2
[2024-10-16 07:45:03] queued: Shrinking S02E02 1080p WEB H264 SuccessfulCrab with hash 50fd4fc782800373855c93343f654afab6f29323
[2024-10-16 07:45:03] queued: Shrinking S02E01 1080p WEB H264 SuccessfulCrab with hash b61915291456d36a00e03fd8eae1471438b7f7b2
[2024-10-16 07:45:03] downloading: Shrinking S02E02 1080p WEB H264 SuccessfulCrab with link magnet:?xt=urn:btih:50FD4FC782800373855C93343F654AFAB6F29323&dn=Shrinking+S02E02+1080p+WEB+H264+SuccessfulCrab&tr=udp%3A%2F%2Ftracker.coppersurfer.tk%3A6969%2Fannounce&tr=udp%3A%2F%2Ftracker.opentrackr.org%3A1337%2Fannounce&tr=udp%3A%2F%2Fexplodie.org%3A6969&tr=udp%3A%2F%2F9.rarbg.me%3A2960&tr=udp%3A%2F%2F9.rarbg.to%3A2980
[2024-10-16 07:45:03] downloading: Shrinking S02E01 1080p WEB H264 SuccessfulCrab with link magnet:?xt=urn:btih:B61915291456D36A00E03FD8EAE1471438B7F7B2&dn=Shrinking+S02E01+1080p+WEB+H264+SuccessfulCrab&tr=udp%3A%2F%2Ftracker.coppersurfer.tk%3A6969%2Fannounce&tr=udp%3A%2F%2Ftracker.opentrackr.org%3A1337%2Fannounce&tr=udp%3A%2F%2Fexplodie.org%3A6969&tr=udp%3A%2F%2F9.rarbg.me%3A2960&tr=udp%3A%2F%2F9.rarbg.to%3A2980
[2024-10-16 08:15:03] ingesting from: showRSS personal feed
[2024-10-16 08:15:03] download successful: Shrinking S02E02 1080p WEB H264 SuccessfulCrab with hash 50fd4fc782800373855c93343f654afab6f29323
[2024-10-16 08:15:03] download successful: Shrinking S02E01 1080p WEB H264 SuccessfulCrab with hash b61915291456d36a00e03fd8eae1471438b7f7b2
[2024-10-16 08:15:08] transfer complete: Shrinking S02E02 1080p WEB H264 SuccessfulCrab with hash 50fd4fc782800373855c93343f654afab6f29323
[2024-10-16 08:15:22] transfer complete: Shrinking S02E01 1080p WEB H264 SuccessfulCrab with hash b61915291456d36a00e03fd8eae1471438b7f7b2
[2024-10-16 08:45:03] ingesting from: showRSS personal feed
[2024-10-16 09:15:03] ingesting from: showRSS personal feed
[2024-10-16 09:39:28] ingesting from: showRSS personal feed
[2024-10-16 09:39:49] ingesting from: showRSS personal feed
[2024-10-16 10:19:01] ingesting from: showRSS personal feed
[2024-10-16 10:23:39] ingesting from: showRSS personal feed
[2024-10-16 10:27:07] command output: total 4
drwx------ 4 x81-media x81-group 4096 Oct 15 18:00 snap

[2024-10-16 10:29:03] ingesting from: showRSS personal feed
